<?xml version="1.0" encoding="UTF-8"?>
<songExplorer musicId="S1111111" shareUrl="http://www.pandora.com/" artistName="ArtistName" songTitle="SongTitle" albumArtUrl="http://pithos.github.io/img/logo.png" songDetailUrl="http://www.pandora.com/">
  <itunes>http://itunes.apple.com/</itunes>
  <focusTrait>trait</focusTrait>
  <similar>
    <song musicId="S1111112" shareUrl="http://www.pandora.com/" artistName="SimilarArtist" songTitle="SimilarSong" artistDetailUrl="http://www.pandora.com/" trackDetailUrl="http://www.pandora.com/" sampleUrl="http://pithos.github.io/testfile.aac" nonExplicitSampleUrl="http://pithos.github.io/testfile.aac" sampleGain="-2.02" nonExplicitSampleGain="-2.02"/>
  </similar>
</songExplorer>
